<?xml version="1.0" encoding="UTF-8"?>
<!-- Generated by org.testng.reporters.JUnitReportReporter -->
<testsuite skipped="0" hostname="DESKTOP-CFDBD86" name="tests.SanityTest" tests="1" failures="0" timestamp="06 Sep 2019 07:42:09 GMT" time="67.322" errors="0">
  <testcase name="sanityTest" time="67.322" classname="tests.SanityTest"/>
</testsuite> <!-- tests.SanityTest -->
