<?xml version="1.0" encoding="UTF-8"?>
<!-- Generated by org.testng.reporters.JUnitReportReporter -->
<testsuite skipped="0" hostname="DESKTOP-CFDBD86" name="tests.SanityTest" tests="2" failures="0" timestamp="02 Sep 2019 08:52:27 GMT" time="138.925" errors="0">
  <testcase name="sanityTest" time="71.681" classname="tests.SanityTest"/>
  <testcase name="sanityTest" time="67.244" classname="tests.SanityTest"/>
</testsuite> <!-- tests.SanityTest -->
