<?xml version="1.0" encoding="UTF-8"?>
<!-- Generated by org.testng.reporters.JUnitReportReporter -->
<testsuite skipped="0" hostname="DESKTOP-CFDBD86" name="tests.SanityTest" tests="2" failures="0" timestamp="17 Aug 2019 07:46:21 GMT" time="135.871" errors="0">
  <testcase name="sanityTest" time="71.519" classname="tests.SanityTest"/>
  <testcase name="sanityTest" time="64.352" classname="tests.SanityTest"/>
</testsuite> <!-- tests.SanityTest -->
