<?xml version="1.0" encoding="UTF-8"?>
<!-- Generated by org.testng.reporters.JUnitReportReporter -->
<testsuite skipped="0" hostname="DESKTOP-CFDBD86" name="tests.SanityTest" tests="1" failures="0" timestamp="28 Aug 2019 14:43:57 GMT" time="62.719" errors="0">
  <testcase name="sanityTest" time="62.719" classname="tests.SanityTest"/>
</testsuite> <!-- tests.SanityTest -->
