<?xml version="1.0" encoding="UTF-8"?>
<!-- Generated by org.testng.reporters.JUnitReportReporter -->
<testsuite skipped="0" hostname="DESKTOP-CFDBD86" name="tests.SanityTest" tests="2" failures="0" timestamp="22 Aug 2019 14:32:48 GMT" time="137.550" errors="0">
  <testcase name="sanityTest" time="64.866" classname="tests.SanityTest"/>
  <testcase name="sanityTest" time="72.684" classname="tests.SanityTest"/>
</testsuite> <!-- tests.SanityTest -->
