<?xml version="1.0" encoding="UTF-8"?>
<!-- Generated by org.testng.reporters.JUnitReportReporter -->
<testsuite skipped="0" hostname="DESKTOP-CFDBD86" name="tests.SanityTest" tests="2" failures="0" timestamp="13 Aug 2019 10:33:12 GMT" time="132.890" errors="0">
  <testcase name="sanityTest" time="69.375" classname="tests.SanityTest"/>
  <testcase name="sanityTest" time="63.515" classname="tests.SanityTest"/>
</testsuite> <!-- tests.SanityTest -->
