<?xml version="1.0" encoding="UTF-8"?>
<!-- Generated by org.testng.reporters.JUnitReportReporter -->
<testsuite skipped="0" hostname="DESKTOP-CFDBD86" name="tests.FuncTests" tests="8" failures="0" timestamp="17 Aug 2019 07:46:21 GMT" time="379.014" errors="0">
  <testcase name="selectAnswerVar4EachQ" time="50.321" classname="tests.FuncTests"/>
  <testcase name="selectAnswer44EachQ" time="49.977" classname="tests.FuncTests"/>
  <testcase name="selectAnswer44EachQ" time="44.944" classname="tests.FuncTests"/>
  <testcase name="selectAnswerVar4EachQ" time="44.600" classname="tests.FuncTests"/>
  <testcase name="selectAnswer34EachQ" time="44.238" classname="tests.FuncTests"/>
  <testcase name="selectAnswer24EachQ" time="50.059" classname="tests.FuncTests"/>
  <testcase name="selectAnswer34EachQ" time="50.217" classname="tests.FuncTests"/>
  <testcase name="selectAnswer24EachQ" time="44.658" classname="tests.FuncTests"/>
</testsuite> <!-- tests.FuncTests -->
