<?xml version="1.0" encoding="UTF-8"?>
<!-- Generated by org.testng.reporters.JUnitReportReporter -->
<testsuite skipped="0" hostname="DESKTOP-CFDBD86" name="tests.SanityTest" tests="2" failures="0" timestamp="20 Aug 2019 14:44:43 GMT" time="134.636" errors="0">
  <testcase name="sanityTest" time="63.270" classname="tests.SanityTest"/>
  <testcase name="sanityTest" time="71.366" classname="tests.SanityTest"/>
</testsuite> <!-- tests.SanityTest -->
